<?xml version="1.0" encoding="UTF-8"?>
<!-- Generated by org.testng.reporters.JUnitReportReporter -->
<testsuite skipped="0" hostname="Usernames-MBP.fios-router.home" name="loginFuntionality.TestCase1" tests="2" failures="0" timestamp="2020-06-25T19:23:16 EDT" time="0.005" errors="0">
  <testcase name="loginWithValidCredentials" time="0.000" classname="loginFuntionality.TestCase1"/>
  <system-out/>
  <testcase name="loginWithInvalidCredentials" time="0.005" classname="loginFuntionality.TestCase1"/>
  <system-out/>
</testsuite> <!-- loginFuntionality.TestCase1 -->
